<?xml version="1.0" encoding="UTF-8"?>
<testsuite xmlns:xsi="http://www.w3.org/2001/XMLSchema-instance" xsi:noNamespaceSchemaLocation="https://maven.apache.org/surefire/maven-surefire-plugin/xsd/surefire-test-report.xsd" name="Model.Items.InventoryTest" time="0.127" tests="3" errors="0" skipped="0" failures="0">
  <properties>
[...]
</properties>
  <testcase name="updateCapacityWithToLowNegativeNumber" classname="Model.Items.InventoryTest" time="0.074"/>
  <testcase name="updateCapacityWithNegativeNumberInFullInventory" classname="Model.Items.InventoryTest" time="0.005"/>
  <testcase name="updateCapacity" classname="Model.Items.InventoryTest" time="0"/>
</testsuite>